<?xml version="1.0" encoding="UTF-8"?>
<!-- Generated by org.testng.reporters.JUnitXMLReporter -->
<testsuite hostname="ip-172-31-20-25" ignored="0" name="Default test" tests="3" failures="0" timestamp="2023-03-12T17:15:09 UTC" time="12.693" errors="0">
  <testcase name="Test" time="4.828" classname="com.test.JDBC.NewTest"/>
  <testcase name="Test1" time="2.318" classname="com.test.JDBC.NewTest"/>
  <testcase name="Test2" time="5.5" classname="com.test.JDBC.NewTest"/>
</testsuite> <!-- Default test -->
