<?xml version="1.0" encoding="UTF-8"?>
<testng-results skipped="0" failed="0" ignored="0" total="3" passed="3">
  <reporter-output>
  </reporter-output>
  <suite name="Suite" duration-ms="10530" started-at="2023-03-12T17:18:28Z" finished-at="2023-03-12T17:18:38Z">
    <groups>
    </groups>
    <test name="Test" duration-ms="10530" started-at="2023-03-12T17:18:28Z" finished-at="2023-03-12T17:18:38Z">
      <class name="com.test.JDBC.NewTest">
        <test-method status="PASS" signature="beforeClass()[pri:0, instance:com.test.JDBC.NewTest@13deb50e]" name="beforeClass" is-config="true" duration-ms="11" started-at="2023-03-12T17:18:28Z" finished-at="2023-03-12T17:18:28Z">
          <reporter-output>
          </reporter-output>
        </test-method> <!-- beforeClass -->
        <test-method status="PASS" signature="Test()[pri:0, instance:com.test.JDBC.NewTest@13deb50e]" name="Test" duration-ms="3154" started-at="2023-03-12T17:18:28Z" finished-at="2023-03-12T17:18:31Z">
          <reporter-output>
          </reporter-output>
        </test-method> <!-- Test -->
        <test-method status="PASS" signature="Test1()[pri:0, instance:com.test.JDBC.NewTest@13deb50e]" name="Test1" duration-ms="2097" started-at="2023-03-12T17:18:31Z" finished-at="2023-03-12T17:18:33Z">
          <reporter-output>
          </reporter-output>
        </test-method> <!-- Test1 -->
        <test-method status="PASS" signature="Test2()[pri:0, instance:com.test.JDBC.NewTest@13deb50e]" name="Test2" duration-ms="5247" started-at="2023-03-12T17:18:33Z" finished-at="2023-03-12T17:18:38Z">
          <reporter-output>
          </reporter-output>
        </test-method> <!-- Test2 -->
        <test-method status="PASS" signature="afterClass()[pri:0, instance:com.test.JDBC.NewTest@13deb50e]" name="afterClass" is-config="true" duration-ms="0" started-at="2023-03-12T17:18:38Z" finished-at="2023-03-12T17:18:38Z">
          <reporter-output>
          </reporter-output>
        </test-method> <!-- afterClass -->
      </class> <!-- com.test.JDBC.NewTest -->
    </test> <!-- Test -->
  </suite> <!-- Suite -->
</testng-results>
