<?xml version="1.0" encoding="UTF-8"?>
<testng-results skipped="0" failed="0" ignored="0" total="3" passed="3">
  <reporter-output>
  </reporter-output>
  <suite name="Default suite" duration-ms="12693" started-at="2023-03-12T17:14:56 UTC" finished-at="2023-03-12T17:15:09 UTC">
    <groups>
    </groups>
    <test name="Default test" duration-ms="12693" started-at="2023-03-12T17:14:56 UTC" finished-at="2023-03-12T17:15:09 UTC">
      <class name="com.test.JDBC.NewTest">
        <test-method status="PASS" signature="beforeClass()[pri:0, instance:com.test.JDBC.NewTest@545997b1]" name="beforeClass" is-config="true" duration-ms="6" started-at="2023-03-12T17:14:56 UTC" finished-at="2023-03-12T17:14:56 UTC">
          <reporter-output>
          </reporter-output>
        </test-method> <!-- beforeClass -->
        <test-method status="PASS" signature="Test()[pri:0, instance:com.test.JDBC.NewTest@545997b1]" name="Test" duration-ms="4828" started-at="2023-03-12T17:14:56 UTC" finished-at="2023-03-12T17:15:01 UTC">
          <reporter-output>
          </reporter-output>
        </test-method> <!-- Test -->
        <test-method status="PASS" signature="Test1()[pri:0, instance:com.test.JDBC.NewTest@545997b1]" name="Test1" duration-ms="2318" started-at="2023-03-12T17:15:01 UTC" finished-at="2023-03-12T17:15:03 UTC">
          <reporter-output>
          </reporter-output>
        </test-method> <!-- Test1 -->
        <test-method status="PASS" signature="Test2()[pri:0, instance:com.test.JDBC.NewTest@545997b1]" name="Test2" duration-ms="5500" started-at="2023-03-12T17:15:03 UTC" finished-at="2023-03-12T17:15:09 UTC">
          <reporter-output>
          </reporter-output>
        </test-method> <!-- Test2 -->
        <test-method status="PASS" signature="afterClass()[pri:0, instance:com.test.JDBC.NewTest@545997b1]" name="afterClass" is-config="true" duration-ms="0" started-at="2023-03-12T17:15:09 UTC" finished-at="2023-03-12T17:15:09 UTC">
          <reporter-output>
          </reporter-output>
        </test-method> <!-- afterClass -->
      </class> <!-- com.test.JDBC.NewTest -->
    </test> <!-- Default test -->
  </suite> <!-- Default suite -->
</testng-results>
